2025-10-08 14:47:22:4722 [31merror[39m: [31m[POST] /api/v1/auth/login >> StatusCode:: 401, Message:: Invalid email or password[39m
2025-10-12 13:05:41:541 error: Unable to connect to the database: database "ecommerce_db_test" does not exist
2025-10-12 13:05:45:545 error: Unable to connect to the database: database "ecommerce_db_test" does not exist
2025-10-12 13:05:50:550 error: Unable to connect to the database: database "ecommerce_db_test" does not exist
2025-10-12 13:05:54:554 error: Unable to connect to the database: database "ecommerce_db_test" does not exist
2025-10-12 13:08:09:89 error: [POST] /api/v1/auth/register >> StatusCode:: 409, Message:: Email already exists
2025-10-12 13:08:09:89 error: [POST] /api/v1/auth/login >> StatusCode:: 401, Message:: Invalid email or password
2025-10-12 13:15:56:1556 error: [POST] /api/v1/auth/register >> StatusCode:: 409, Message:: Email already exists
2025-10-12 13:15:56:1556 error: [POST] /api/v1/auth/login >> StatusCode:: 401, Message:: Invalid email or password
2025-10-12 13:15:59:1559 error: [POST] /api/v1/products >> StatusCode:: 500, Message:: ENOENT: no such file or directory, open 'E:\Semester 5\Implementasi dan Pengujian PL\BelanjaKu\apps\backend\uploads\productImage-1760249759218-785024438.png'
2025-10-12 13:15:59:1559 error: [POST] /api/v1/products >> StatusCode:: 401, Message:: Not authorized, no token provided
2025-10-12 13:15:59:1559 error: [PUT] /api/v1/products/undefined >> StatusCode:: 500, Message:: invalid input syntax for type uuid: "undefined"
2025-10-12 13:20:47:2047 error: [POST] /api/v1/products >> StatusCode:: 500, Message:: ENOENT: no such file or directory, open 'E:\Semester 5\Implementasi dan Pengujian PL\BelanjaKu\apps\backend\uploads\productImage-1760250047139-953686420.png'
2025-10-12 13:20:47:2047 error: [POST] /api/v1/products >> StatusCode:: 401, Message:: Not authorized, no token provided
2025-10-12 13:20:47:2047 error: [PUT] /api/v1/products/undefined >> StatusCode:: 500, Message:: invalid input syntax for type uuid: "undefined"
2025-10-12 13:23:31:2331 error: [POST] /api/v1/products >> StatusCode:: 500, Message:: ENOENT: no such file or directory, open 'E:\Semester 5\Implementasi dan Pengujian PL\BelanjaKu\apps\backend\uploads\productImage-1760250211176-563803911.png'
2025-10-12 13:23:31:2331 error: [POST] /api/v1/products >> StatusCode:: 401, Message:: Not authorized, no token provided
2025-10-12 13:23:31:2331 error: [PUT] /api/v1/products/undefined >> StatusCode:: 500, Message:: invalid input syntax for type uuid: "undefined"
2025-10-12 13:23:32:2332 error: [POST] /api/v1/auth/register >> StatusCode:: 409, Message:: Email already exists
2025-10-12 13:23:32:2332 error: [POST] /api/v1/auth/login >> StatusCode:: 401, Message:: Invalid email or password
2025-10-12 13:27:45:2745 error: [POST] /api/v1/products >> StatusCode:: 500, Message:: ENOENT: no such file or directory, open 'E:\Semester 5\Implementasi dan Pengujian PL\BelanjaKu\apps\backend\uploads\productImage-1760250465741-61483014.png'
2025-10-12 13:27:45:2745 error: [POST] /api/v1/products >> StatusCode:: 401, Message:: Not authorized, no token provided
2025-10-12 13:27:45:2745 error: [PUT] /api/v1/products/undefined >> StatusCode:: 500, Message:: invalid input syntax for type uuid: "undefined"
2025-10-12 13:27:46:2746 error: [POST] /api/v1/auth/register >> StatusCode:: 409, Message:: Email already exists
2025-10-12 13:27:46:2746 error: [POST] /api/v1/auth/login >> StatusCode:: 401, Message:: Invalid email or password
2025-10-12 13:31:24:3124 error: [POST] /api/v1/products >> StatusCode:: 500, Message:: ENOENT: no such file or directory, open 'E:\Semester 5\Implementasi dan Pengujian PL\BelanjaKu\apps\backend\uploads\productImage-1760250684017-392019619.png'
2025-10-12 13:31:24:3124 error: [POST] /api/v1/products >> StatusCode:: 401, Message:: Not authorized, no token provided
2025-10-12 13:31:24:3124 error: [PUT] /api/v1/products/undefined >> StatusCode:: 500, Message:: invalid input syntax for type uuid: "undefined"
2025-10-12 13:31:24:3124 error: [POST] /api/v1/auth/register >> StatusCode:: 409, Message:: Email already exists
2025-10-12 13:31:25:3125 error: [POST] /api/v1/auth/login >> StatusCode:: 401, Message:: Invalid email or password
2025-10-12 13:41:18:4118 error: [POST] /api/v1/products >> StatusCode:: 401, Message:: Not authorized, no token provided
2025-10-12 13:41:18:4118 error: [PUT] /api/v1/products/undefined >> StatusCode:: 500, Message:: invalid input syntax for type uuid: "undefined"
2025-10-12 13:41:18:4118 error: [PUT] /api/v1/products/undefined >> StatusCode:: 403, Message:: User role 'user' is not authorized to access this route
2025-10-12 13:41:19:4119 error: [POST] /api/v1/auth/register >> StatusCode:: 409, Message:: Email already exists
2025-10-12 13:41:19:4119 error: [POST] /api/v1/auth/login >> StatusCode:: 401, Message:: Invalid email or password
2025-10-12 13:44:38:4438 error: [POST] /api/v1/products >> StatusCode:: 401, Message:: Not authorized, no token provided
2025-10-12 13:44:38:4438 error: [PUT] /api/v1/products/321699cf-7943-400a-bebd-798cf62a70f4 >> StatusCode:: 403, Message:: User role 'user' is not authorized to access this route
2025-10-12 13:44:39:4439 error: [POST] /api/v1/auth/register >> StatusCode:: 409, Message:: Email already exists
2025-10-12 13:44:39:4439 error: [POST] /api/v1/auth/login >> StatusCode:: 401, Message:: Invalid email or password
2025-10-12 13:54:27:5427 error: [POST] /api/v1/orders >> StatusCode:: 400, Message:: Invalid or expired promotion code
2025-10-12 13:54:28:5428 error: [POST] /api/v1/products >> StatusCode:: 401, Message:: Not authorized, no token provided
2025-10-12 13:54:28:5428 error: [PUT] /api/v1/products/305b49e2-83fe-4cc0-9ec5-a9ba7703838c >> StatusCode:: 403, Message:: User role 'user' is not authorized to access this route
2025-10-12 13:54:29:5429 error: [POST] /api/v1/auth/register >> StatusCode:: 409, Message:: Email already exists
2025-10-12 13:54:30:5430 error: [POST] /api/v1/auth/login >> StatusCode:: 401, Message:: Invalid email or password
2025-10-12 14:02:56:256 error: [POST] /api/v1/orders >> StatusCode:: 400, Message:: Invalid or expired promotion code
2025-10-12 14:02:57:257 error: [POST] /api/v1/auth/register >> StatusCode:: 409, Message:: Email already exists
2025-10-12 14:02:57:257 error: [POST] /api/v1/auth/login >> StatusCode:: 401, Message:: Invalid email or password
2025-10-12 14:02:58:258 error: [POST] /api/v1/products >> StatusCode:: 401, Message:: Not authorized, no token provided
2025-10-12 14:02:58:258 error: [PUT] /api/v1/products/b2e5e515-f2e2-4675-9dc6-e7ece1d3c113 >> StatusCode:: 403, Message:: User role 'user' is not authorized to access this route
2025-10-12 14:11:56:1156 error: [POST] /api/v1/orders >> StatusCode:: 400, Message:: Invalid or expired promotion code
2025-10-12 14:11:58:1158 error: [POST] /api/v1/products >> StatusCode:: 401, Message:: Not authorized, no token provided
2025-10-12 14:11:58:1158 error: [PUT] /api/v1/products/e30d40f0-399b-4c40-90d9-988327b506bf >> StatusCode:: 403, Message:: User role 'user' is not authorized to access this route
2025-10-12 14:11:59:1159 error: [POST] /api/v1/auth/register >> StatusCode:: 409, Message:: Email already exists
2025-10-12 14:11:59:1159 error: [POST] /api/v1/auth/login >> StatusCode:: 401, Message:: Invalid email or password
2025-10-12 14:11:59:1159 error: [POST] /api/v1/auth/login >> StatusCode:: 401, Message:: Invalid email or password
2025-10-12 14:11:59:1159 error: [POST] /api/v1/auth/login >> StatusCode:: 401, Message:: Invalid email or password
2025-10-12 14:11:59:1159 error: [POST] /api/v1/auth/login >> StatusCode:: 401, Message:: Invalid email or password
2025-10-12 14:11:59:1159 error: [POST] /api/v1/auth/login >> StatusCode:: 401, Message:: Invalid email or password
2025-10-12 14:11:59:1159 error: [POST] /api/v1/auth/login >> StatusCode:: 401, Message:: Invalid email or password
2025-10-12 14:20:32:2032 error: [POST] /api/v1/orders >> StatusCode:: 400, Message:: Invalid or expired promotion code
2025-10-12 14:20:33:2033 error: [POST] /api/v1/products >> StatusCode:: 401, Message:: Not authorized, no token provided
2025-10-12 14:20:33:2033 error: [PUT] /api/v1/products/6e4c0c79-1546-48a9-b7e4-b77b97ccb8a8 >> StatusCode:: 403, Message:: User role 'user' is not authorized to access this route
2025-10-12 14:20:34:2034 error: [POST] /api/v1/auth/register >> StatusCode:: 409, Message:: Email already exists
2025-10-12 14:20:34:2034 error: [POST] /api/v1/auth/login >> StatusCode:: 401, Message:: Invalid email or password
2025-10-12 14:20:34:2034 error: [POST] /api/v1/auth/login >> StatusCode:: 401, Message:: Invalid email or password
2025-10-12 14:20:34:2034 error: [POST] /api/v1/auth/login >> StatusCode:: 401, Message:: Invalid email or password
2025-10-12 14:20:34:2034 error: [POST] /api/v1/auth/login >> StatusCode:: 401, Message:: Invalid email or password
2025-10-12 14:20:34:2034 error: [POST] /api/v1/auth/login >> StatusCode:: 401, Message:: Invalid email or password
2025-10-12 14:20:34:2034 error: [POST] /api/v1/auth/login >> StatusCode:: 401, Message:: Invalid email or password
2025-10-12 14:24:09:249 error: [POST] /api/v1/orders >> StatusCode:: 400, Message:: Invalid or expired promotion code
2025-10-12 14:24:10:2410 error: [POST] /api/v1/auth/register >> StatusCode:: 409, Message:: Email already exists
2025-10-12 14:24:10:2410 error: [POST] /api/v1/auth/login >> StatusCode:: 401, Message:: Invalid email or password
2025-10-12 14:24:10:2410 error: [POST] /api/v1/auth/login >> StatusCode:: 401, Message:: Invalid email or password
2025-10-12 14:24:10:2410 error: [POST] /api/v1/auth/login >> StatusCode:: 401, Message:: Invalid email or password
2025-10-12 14:24:10:2410 error: [POST] /api/v1/auth/login >> StatusCode:: 401, Message:: Invalid email or password
2025-10-12 14:24:10:2410 error: [POST] /api/v1/auth/login >> StatusCode:: 401, Message:: Invalid email or password
2025-10-12 14:24:10:2410 error: [POST] /api/v1/auth/login >> StatusCode:: 401, Message:: Invalid email or password
2025-10-12 14:24:12:2412 error: [POST] /api/v1/products >> StatusCode:: 401, Message:: Not authorized, no token provided
2025-10-12 14:24:12:2412 error: [PUT] /api/v1/products/3877cbf6-16fb-45ef-9a06-2cfc78a372c8 >> StatusCode:: 403, Message:: User role 'user' is not authorized to access this route
2025-10-12 14:31:28:3128 error: [POST] /api/v1/orders >> StatusCode:: 400, Message:: Invalid or expired promotion code
2025-10-12 14:31:29:3129 error: [POST] /api/v1/auth/register >> StatusCode:: 409, Message:: Email already exists
2025-10-12 14:31:29:3129 error: [POST] /api/v1/auth/login >> StatusCode:: 401, Message:: Invalid email or password
2025-10-12 14:31:29:3129 error: [POST] /api/v1/auth/login >> StatusCode:: 401, Message:: Invalid email or password
2025-10-12 14:31:29:3129 error: [POST] /api/v1/auth/login >> StatusCode:: 401, Message:: Invalid email or password
2025-10-12 14:31:29:3129 error: [POST] /api/v1/auth/login >> StatusCode:: 401, Message:: Invalid email or password
2025-10-12 14:31:29:3129 error: [POST] /api/v1/auth/login >> StatusCode:: 401, Message:: Invalid email or password
2025-10-12 14:31:29:3129 error: [POST] /api/v1/auth/login >> StatusCode:: 401, Message:: Invalid email or password
2025-10-12 14:31:30:3130 error: [POST] /api/v1/products >> StatusCode:: 401, Message:: Not authorized, no token provided
2025-10-12 14:31:30:3130 error: [PUT] /api/v1/products/140e6c53-4589-4cae-81bb-d58817811b17 >> StatusCode:: 403, Message:: User role 'user' is not authorized to access this route
2025-10-12 14:33:20:3320 error: [POST] /api/v1/orders >> StatusCode:: 400, Message:: Invalid or expired promotion code
2025-10-12 14:33:21:3321 error: [POST] /api/v1/auth/register >> StatusCode:: 409, Message:: Email already exists
2025-10-12 14:33:21:3321 error: [POST] /api/v1/auth/login >> StatusCode:: 401, Message:: Invalid email or password
2025-10-12 14:33:21:3321 error: [POST] /api/v1/auth/login >> StatusCode:: 401, Message:: Invalid email or password
2025-10-12 14:33:21:3321 error: [POST] /api/v1/auth/login >> StatusCode:: 401, Message:: Invalid email or password
2025-10-12 14:33:21:3321 error: [POST] /api/v1/auth/login >> StatusCode:: 401, Message:: Invalid email or password
2025-10-12 14:33:21:3321 error: [POST] /api/v1/auth/login >> StatusCode:: 401, Message:: Invalid email or password
2025-10-12 14:33:21:3321 error: [POST] /api/v1/auth/login >> StatusCode:: 401, Message:: Invalid email or password
2025-10-12 14:33:23:3323 error: [POST] /api/v1/products >> StatusCode:: 401, Message:: Not authorized, no token provided
2025-10-12 14:33:23:3323 error: [PUT] /api/v1/products/9f7cb24e-4825-4d2b-8d5d-6d12d8f422b4 >> StatusCode:: 403, Message:: User role 'user' is not authorized to access this route
2025-10-12 14:34:49:3449 error: [POST] /api/v1/orders >> StatusCode:: 400, Message:: Invalid or expired promotion code
2025-10-12 14:34:50:3450 error: [POST] /api/v1/auth/register >> StatusCode:: 409, Message:: Email already exists
2025-10-12 14:34:50:3450 error: [POST] /api/v1/auth/login >> StatusCode:: 401, Message:: Invalid email or password
2025-10-12 14:34:50:3450 error: [POST] /api/v1/auth/login >> StatusCode:: 401, Message:: Invalid email or password
2025-10-12 14:34:50:3450 error: [POST] /api/v1/auth/login >> StatusCode:: 401, Message:: Invalid email or password
2025-10-12 14:34:50:3450 error: [POST] /api/v1/auth/login >> StatusCode:: 401, Message:: Invalid email or password
2025-10-12 14:34:50:3450 error: [POST] /api/v1/auth/login >> StatusCode:: 401, Message:: Invalid email or password
2025-10-12 14:34:50:3450 error: [POST] /api/v1/auth/login >> StatusCode:: 401, Message:: Invalid email or password
2025-10-12 14:34:51:3451 error: [POST] /api/v1/products >> StatusCode:: 401, Message:: Not authorized, no token provided
2025-10-12 14:34:52:3452 error: [PUT] /api/v1/products/517489b6-fb6a-497e-add7-0e8a62152913 >> StatusCode:: 403, Message:: User role 'user' is not authorized to access this route
2025-10-12 14:38:03:383 error: [GET] /api/v1/sellers/dashboard/stats >> StatusCode:: 500, Message:: column reference "price" is ambiguous
2025-10-12 14:38:05:385 error: [POST] /api/v1/orders >> StatusCode:: 400, Message:: Invalid or expired promotion code
2025-10-12 14:38:06:386 error: [POST] /api/v1/products >> StatusCode:: 401, Message:: Not authorized, no token provided
2025-10-12 14:38:06:386 error: [PUT] /api/v1/products/79f55bb2-dfb3-4df6-8e1c-6bb2a1c267c3 >> StatusCode:: 403, Message:: User role 'user' is not authorized to access this route
2025-10-12 14:38:07:387 error: [POST] /api/v1/auth/register >> StatusCode:: 409, Message:: Email already exists
2025-10-12 14:38:07:387 error: [POST] /api/v1/auth/login >> StatusCode:: 401, Message:: Invalid email or password
2025-10-12 14:38:07:387 error: [POST] /api/v1/auth/login >> StatusCode:: 401, Message:: Invalid email or password
2025-10-12 14:38:07:387 error: [POST] /api/v1/auth/login >> StatusCode:: 401, Message:: Invalid email or password
2025-10-12 14:38:07:387 error: [POST] /api/v1/auth/login >> StatusCode:: 401, Message:: Invalid email or password
2025-10-12 14:38:07:387 error: [POST] /api/v1/auth/login >> StatusCode:: 401, Message:: Invalid email or password
2025-10-12 14:38:07:387 error: [POST] /api/v1/auth/login >> StatusCode:: 401, Message:: Invalid email or password
2025-10-12 14:40:57:4057 error: [GET] /api/v1/sellers/dashboard/stats >> StatusCode:: 500, Message:: column reference "price" is ambiguous
2025-10-12 14:41:01:411 error: [POST] /api/v1/auth/register >> StatusCode:: 409, Message:: Email already exists
2025-10-12 14:41:01:411 error: [POST] /api/v1/auth/login >> StatusCode:: 401, Message:: Invalid email or password
2025-10-12 14:41:01:411 error: [POST] /api/v1/auth/login >> StatusCode:: 401, Message:: Invalid email or password
2025-10-12 14:41:01:411 error: [POST] /api/v1/auth/login >> StatusCode:: 401, Message:: Invalid email or password
2025-10-12 14:41:01:411 error: [POST] /api/v1/auth/login >> StatusCode:: 401, Message:: Invalid email or password
2025-10-12 14:41:01:411 error: [POST] /api/v1/auth/login >> StatusCode:: 401, Message:: Invalid email or password
2025-10-12 14:41:01:411 error: [POST] /api/v1/auth/login >> StatusCode:: 401, Message:: Invalid email or password
2025-10-12 14:41:02:412 error: [POST] /api/v1/products >> StatusCode:: 401, Message:: Not authorized, no token provided
2025-10-12 14:41:03:413 error: [PUT] /api/v1/products/e22d638b-e87d-4bd0-91ff-2fe34fc10628 >> StatusCode:: 403, Message:: User role 'user' is not authorized to access this route
2025-10-12 14:41:04:414 error: [POST] /api/v1/orders >> StatusCode:: 400, Message:: Invalid or expired promotion code
2025-10-12 14:43:24:4324 error: [GET] /api/v1/sellers/dashboard/stats >> StatusCode:: 500, Message:: column reference "price" is ambiguous
2025-10-12 14:43:28:4328 error: [POST] /api/v1/auth/register >> StatusCode:: 409, Message:: Email already exists
2025-10-12 14:43:28:4328 error: [POST] /api/v1/auth/login >> StatusCode:: 401, Message:: Invalid email or password
2025-10-12 14:43:28:4328 error: [POST] /api/v1/auth/login >> StatusCode:: 401, Message:: Invalid email or password
2025-10-12 14:43:28:4328 error: [POST] /api/v1/auth/login >> StatusCode:: 401, Message:: Invalid email or password
2025-10-12 14:43:28:4328 error: [POST] /api/v1/auth/login >> StatusCode:: 401, Message:: Invalid email or password
2025-10-12 14:43:28:4328 error: [POST] /api/v1/auth/login >> StatusCode:: 401, Message:: Invalid email or password
2025-10-12 14:43:28:4328 error: [POST] /api/v1/auth/login >> StatusCode:: 401, Message:: Invalid email or password
2025-10-12 14:43:29:4329 error: [POST] /api/v1/products >> StatusCode:: 401, Message:: Not authorized, no token provided
2025-10-12 14:43:30:4330 error: [PUT] /api/v1/products/3870a374-35ed-4c10-b395-c3f2e2c6d9dd >> StatusCode:: 403, Message:: User role 'user' is not authorized to access this route
2025-10-12 14:43:31:4331 error: [POST] /api/v1/orders >> StatusCode:: 400, Message:: Invalid or expired promotion code
2025-10-12 14:46:42:4642 error: [GET] /api/v1/sellers/dashboard/stats >> StatusCode:: 500, Message:: column reference "price" is ambiguous
2025-10-12 14:46:44:4644 error: [POST] /api/v1/orders >> StatusCode:: 400, Message:: Invalid or expired promotion code
2025-10-12 14:46:45:4645 error: [POST] /api/v1/products >> StatusCode:: 401, Message:: Not authorized, no token provided
2025-10-12 14:46:45:4645 error: [PUT] /api/v1/products/26ce86dc-934f-48e6-a42c-0f19a8c2e142 >> StatusCode:: 403, Message:: User role 'user' is not authorized to access this route
2025-10-12 14:46:46:4646 error: [POST] /api/v1/auth/register >> StatusCode:: 409, Message:: Email already exists
2025-10-12 14:46:46:4646 error: [POST] /api/v1/auth/login >> StatusCode:: 401, Message:: Invalid email or password
2025-10-12 14:46:46:4646 error: [POST] /api/v1/auth/login >> StatusCode:: 401, Message:: Invalid email or password
2025-10-12 14:46:46:4646 error: [POST] /api/v1/auth/login >> StatusCode:: 401, Message:: Invalid email or password
2025-10-12 14:46:46:4646 error: [POST] /api/v1/auth/login >> StatusCode:: 401, Message:: Invalid email or password
2025-10-12 14:46:46:4646 error: [POST] /api/v1/auth/login >> StatusCode:: 401, Message:: Invalid email or password
2025-10-12 14:46:46:4646 error: [POST] /api/v1/auth/login >> StatusCode:: 401, Message:: Invalid email or password
2025-10-12 14:48:40:4840 error: [GET] /api/v1/sellers/dashboard/stats >> StatusCode:: 500, Message:: column reference "price" is ambiguous
2025-10-12 14:48:41:4841 error: [POST] /api/v1/auth/register >> StatusCode:: 409, Message:: Email already exists
2025-10-12 14:48:41:4841 error: [POST] /api/v1/auth/login >> StatusCode:: 401, Message:: Invalid email or password
2025-10-12 14:48:41:4841 error: [POST] /api/v1/auth/login >> StatusCode:: 401, Message:: Invalid email or password
2025-10-12 14:48:41:4841 error: [POST] /api/v1/auth/login >> StatusCode:: 401, Message:: Invalid email or password
2025-10-12 14:48:41:4841 error: [POST] /api/v1/auth/login >> StatusCode:: 401, Message:: Invalid email or password
2025-10-12 14:48:41:4841 error: [POST] /api/v1/auth/login >> StatusCode:: 401, Message:: Invalid email or password
2025-10-12 14:48:41:4841 error: [POST] /api/v1/auth/login >> StatusCode:: 401, Message:: Invalid email or password
2025-10-12 14:48:42:4842 error: [POST] /api/v1/orders >> StatusCode:: 400, Message:: Invalid or expired promotion code
2025-10-12 14:48:43:4843 error: [POST] /api/v1/products >> StatusCode:: 401, Message:: Not authorized, no token provided
2025-10-12 14:48:43:4843 error: [PUT] /api/v1/products/e23d7ab1-2633-48a9-a03d-eea617bde3e1 >> StatusCode:: 403, Message:: User role 'user' is not authorized to access this route
2025-10-12 14:50:57:5057 error: [GET] /api/v1/sellers/dashboard/stats >> StatusCode:: 500, Message:: column reference "price" is ambiguous
2025-10-12 14:50:58:5058 error: [POST] /api/v1/auth/register >> StatusCode:: 409, Message:: Email already exists
2025-10-12 14:50:58:5058 error: [POST] /api/v1/auth/login >> StatusCode:: 401, Message:: Invalid email or password
2025-10-12 14:50:58:5058 error: [POST] /api/v1/auth/login >> StatusCode:: 401, Message:: Invalid email or password
2025-10-12 14:50:58:5058 error: [POST] /api/v1/auth/login >> StatusCode:: 401, Message:: Invalid email or password
2025-10-12 14:50:58:5058 error: [POST] /api/v1/auth/login >> StatusCode:: 401, Message:: Invalid email or password
2025-10-12 14:50:58:5058 error: [POST] /api/v1/auth/login >> StatusCode:: 401, Message:: Invalid email or password
2025-10-12 14:50:58:5058 error: [POST] /api/v1/auth/login >> StatusCode:: 401, Message:: Invalid email or password
2025-10-12 14:50:59:5059 error: [POST] /api/v1/products >> StatusCode:: 401, Message:: Not authorized, no token provided
2025-10-12 14:50:59:5059 error: [PUT] /api/v1/products/9147c3fb-d8d7-4374-9948-107bec6500f6 >> StatusCode:: 403, Message:: User role 'user' is not authorized to access this route
2025-10-12 14:51:00:510 error: [POST] /api/v1/orders >> StatusCode:: 400, Message:: Invalid or expired promotion code
2025-10-12 15:15:01:151 error: [GET] /api/v1/sellers/dashboard/stats >> StatusCode:: 500, Message:: column reference "price" is ambiguous
2025-10-12 15:15:02:152 error: [POST] /api/v1/auth/register >> StatusCode:: 409, Message:: Email already exists
2025-10-12 15:15:02:152 error: [POST] /api/v1/auth/login >> StatusCode:: 401, Message:: Invalid email or password
2025-10-12 15:15:02:152 error: [POST] /api/v1/auth/login >> StatusCode:: 401, Message:: Invalid email or password
2025-10-12 15:15:02:152 error: [POST] /api/v1/auth/login >> StatusCode:: 401, Message:: Invalid email or password
2025-10-12 15:15:02:152 error: [POST] /api/v1/auth/login >> StatusCode:: 401, Message:: Invalid email or password
2025-10-12 15:15:02:152 error: [POST] /api/v1/auth/login >> StatusCode:: 401, Message:: Invalid email or password
2025-10-12 15:15:02:152 error: [POST] /api/v1/auth/login >> StatusCode:: 401, Message:: Invalid email or password
2025-10-12 15:15:04:154 error: [POST] /api/v1/products >> StatusCode:: 401, Message:: Not authorized, no token provided
2025-10-12 15:15:04:154 error: [PUT] /api/v1/products/b677b08f-0ea5-47d6-8b4a-3077975b2fa9 >> StatusCode:: 403, Message:: User role 'user' is not authorized to access this route
2025-10-12 15:15:05:155 error: [POST] /api/v1/orders >> StatusCode:: 400, Message:: Invalid or expired promotion code
2025-10-16 00:43:23:4323 error: [GET] /api/v1/sellers/dashboard/stats >> StatusCode:: 500, Message:: column reference "price" is ambiguous
2025-10-16 00:43:24:4324 error: [POST] /api/v1/orders >> StatusCode:: 400, Message:: Invalid or expired promotion code
2025-10-16 00:43:25:4325 error: [POST] /api/v1/products >> StatusCode:: 401, Message:: Not authorized, no token provided
2025-10-16 00:43:26:4326 error: [PUT] /api/v1/products/149b16ef-ddd5-4247-ae84-1dcd66c125e5 >> StatusCode:: 403, Message:: User role 'user' is not authorized to access this route
2025-10-16 00:43:27:4327 error: [POST] /api/v1/auth/register >> StatusCode:: 409, Message:: Email already exists
2025-10-16 00:43:27:4327 error: [POST] /api/v1/auth/login >> StatusCode:: 401, Message:: Invalid email or password
2025-10-16 00:43:27:4327 error: [POST] /api/v1/auth/login >> StatusCode:: 401, Message:: Invalid email or password
2025-10-16 00:43:27:4327 error: [POST] /api/v1/auth/login >> StatusCode:: 401, Message:: Invalid email or password
2025-10-16 00:43:27:4327 error: [POST] /api/v1/auth/login >> StatusCode:: 401, Message:: Invalid email or password
2025-10-16 00:43:27:4327 error: [POST] /api/v1/auth/login >> StatusCode:: 401, Message:: Invalid email or password
2025-10-16 00:43:27:4327 error: [POST] /api/v1/auth/login >> StatusCode:: 401, Message:: Invalid email or password
2025-10-16 00:43:44:4344 error: [GET] /api/v1/sellers/dashboard/stats >> StatusCode:: 500, Message:: column reference "price" is ambiguous
2025-10-16 00:43:45:4345 error: [POST] /api/v1/orders >> StatusCode:: 400, Message:: Invalid or expired promotion code
2025-10-16 00:43:46:4346 error: [POST] /api/v1/products >> StatusCode:: 401, Message:: Not authorized, no token provided
2025-10-16 00:43:47:4347 error: [PUT] /api/v1/products/1d1d799b-7e13-4d65-8fbb-12f722803022 >> StatusCode:: 403, Message:: User role 'user' is not authorized to access this route
2025-10-16 00:43:48:4348 error: [POST] /api/v1/auth/register >> StatusCode:: 409, Message:: Email already exists
2025-10-16 00:43:48:4348 error: [POST] /api/v1/auth/login >> StatusCode:: 401, Message:: Invalid email or password
2025-10-16 00:43:48:4348 error: [POST] /api/v1/auth/login >> StatusCode:: 401, Message:: Invalid email or password
2025-10-16 00:43:48:4348 error: [POST] /api/v1/auth/login >> StatusCode:: 401, Message:: Invalid email or password
2025-10-16 00:43:48:4348 error: [POST] /api/v1/auth/login >> StatusCode:: 401, Message:: Invalid email or password
2025-10-16 00:43:48:4348 error: [POST] /api/v1/auth/login >> StatusCode:: 401, Message:: Invalid email or password
2025-10-16 00:43:48:4348 error: [POST] /api/v1/auth/login >> StatusCode:: 401, Message:: Invalid email or password
2025-10-16 00:44:21:4421 error: [GET] /api/v1/sellers/dashboard/stats >> StatusCode:: 500, Message:: column reference "price" is ambiguous
2025-10-16 00:44:22:4422 error: [POST] /api/v1/auth/register >> StatusCode:: 409, Message:: Email already exists
2025-10-16 00:44:22:4422 error: [POST] /api/v1/auth/login >> StatusCode:: 401, Message:: Invalid email or password
2025-10-16 00:44:22:4422 error: [POST] /api/v1/auth/login >> StatusCode:: 401, Message:: Invalid email or password
2025-10-16 00:44:22:4422 error: [POST] /api/v1/auth/login >> StatusCode:: 401, Message:: Invalid email or password
2025-10-16 00:44:22:4422 error: [POST] /api/v1/auth/login >> StatusCode:: 401, Message:: Invalid email or password
2025-10-16 00:44:22:4422 error: [POST] /api/v1/auth/login >> StatusCode:: 401, Message:: Invalid email or password
2025-10-16 00:44:22:4422 error: [POST] /api/v1/auth/login >> StatusCode:: 401, Message:: Invalid email or password
2025-10-16 00:44:23:4423 error: [POST] /api/v1/products >> StatusCode:: 401, Message:: Not authorized, no token provided
2025-10-16 00:44:24:4424 error: [PUT] /api/v1/products/01d08fc3-1b50-4f21-9e0e-67b0e6374adb >> StatusCode:: 403, Message:: User role 'user' is not authorized to access this route
2025-10-16 00:44:25:4425 error: [POST] /api/v1/orders >> StatusCode:: 400, Message:: Invalid or expired promotion code
2025-10-16 00:44:37:4437 error: [GET] /api/v1/sellers/dashboard/stats >> StatusCode:: 500, Message:: column reference "price" is ambiguous
2025-10-16 00:44:38:4438 error: [POST] /api/v1/products >> StatusCode:: 401, Message:: Not authorized, no token provided
2025-10-16 00:44:38:4438 error: [PUT] /api/v1/products/853fee14-b3f7-46de-9b4e-d12fa4fa1c22 >> StatusCode:: 403, Message:: User role 'user' is not authorized to access this route
2025-10-16 00:44:39:4439 error: [POST] /api/v1/auth/register >> StatusCode:: 409, Message:: Email already exists
2025-10-16 00:44:39:4439 error: [POST] /api/v1/auth/login >> StatusCode:: 401, Message:: Invalid email or password
2025-10-16 00:44:39:4439 error: [POST] /api/v1/auth/login >> StatusCode:: 401, Message:: Invalid email or password
2025-10-16 00:44:39:4439 error: [POST] /api/v1/auth/login >> StatusCode:: 401, Message:: Invalid email or password
2025-10-16 00:44:39:4439 error: [POST] /api/v1/auth/login >> StatusCode:: 401, Message:: Invalid email or password
2025-10-16 00:44:39:4439 error: [POST] /api/v1/auth/login >> StatusCode:: 401, Message:: Invalid email or password
2025-10-16 00:44:39:4439 error: [POST] /api/v1/auth/login >> StatusCode:: 401, Message:: Invalid email or password
2025-10-16 00:44:41:4441 error: [POST] /api/v1/orders >> StatusCode:: 400, Message:: Invalid or expired promotion code
2025-10-16 00:44:51:4451 error: [GET] /api/v1/sellers/dashboard/stats >> StatusCode:: 500, Message:: column reference "price" is ambiguous
2025-10-16 00:44:52:4452 error: [POST] /api/v1/products >> StatusCode:: 401, Message:: Not authorized, no token provided
2025-10-16 00:44:52:4452 error: [PUT] /api/v1/products/cb34a1e0-6554-4dfd-9817-e9853ef6f0e5 >> StatusCode:: 403, Message:: User role 'user' is not authorized to access this route
2025-10-16 00:44:53:4453 error: [POST] /api/v1/auth/register >> StatusCode:: 409, Message:: Email already exists
2025-10-16 00:44:53:4453 error: [POST] /api/v1/auth/login >> StatusCode:: 401, Message:: Invalid email or password
2025-10-16 00:44:53:4453 error: [POST] /api/v1/auth/login >> StatusCode:: 401, Message:: Invalid email or password
2025-10-16 00:44:53:4453 error: [POST] /api/v1/auth/login >> StatusCode:: 401, Message:: Invalid email or password
2025-10-16 00:44:53:4453 error: [POST] /api/v1/auth/login >> StatusCode:: 401, Message:: Invalid email or password
2025-10-16 00:44:53:4453 error: [POST] /api/v1/auth/login >> StatusCode:: 401, Message:: Invalid email or password
2025-10-16 00:44:53:4453 error: [POST] /api/v1/auth/login >> StatusCode:: 401, Message:: Invalid email or password
2025-10-16 00:44:55:4455 error: [POST] /api/v1/orders >> StatusCode:: 400, Message:: Invalid or expired promotion code
2025-10-16 00:49:33:4933 error: [GET] /api/v1/sellers/dashboard/stats >> StatusCode:: 500, Message:: column reference "price" is ambiguous
2025-10-16 00:49:37:4937 error: [POST] /api/v1/auth/register >> StatusCode:: 409, Message:: Email already exists
2025-10-16 00:49:38:4938 error: [POST] /api/v1/auth/login >> StatusCode:: 401, Message:: Invalid email or password
2025-10-16 00:49:38:4938 error: [POST] /api/v1/auth/login >> StatusCode:: 401, Message:: Invalid email or password
2025-10-16 00:49:38:4938 error: [POST] /api/v1/auth/login >> StatusCode:: 401, Message:: Invalid email or password
2025-10-16 00:49:38:4938 error: [POST] /api/v1/auth/login >> StatusCode:: 401, Message:: Invalid email or password
2025-10-16 00:49:38:4938 error: [POST] /api/v1/auth/login >> StatusCode:: 401, Message:: Invalid email or password
2025-10-16 00:49:38:4938 error: [POST] /api/v1/auth/login >> StatusCode:: 401, Message:: Invalid email or password
2025-10-16 00:49:39:4939 error: [POST] /api/v1/products >> StatusCode:: 401, Message:: Not authorized, no token provided
2025-10-16 00:49:39:4939 error: [PUT] /api/v1/products/65e346f2-31f9-4fb8-b185-efd2f26497bc >> StatusCode:: 403, Message:: User role 'user' is not authorized to access this route
2025-10-16 00:49:40:4940 error: [POST] /api/v1/orders >> StatusCode:: 400, Message:: Invalid or expired promotion code
2025-10-16 00:58:27:5827 error: [GET] /api/v1/sellers/dashboard/stats >> StatusCode:: 500, Message:: column reference "price" is ambiguous
2025-10-16 00:58:29:5829 error: [POST] /api/v1/auth/register >> StatusCode:: 409, Message:: Email already exists
2025-10-16 00:58:29:5829 error: [POST] /api/v1/auth/login >> StatusCode:: 401, Message:: Invalid email or password
2025-10-16 00:58:29:5829 error: [POST] /api/v1/auth/login >> StatusCode:: 401, Message:: Invalid email or password
2025-10-16 00:58:29:5829 error: [POST] /api/v1/auth/login >> StatusCode:: 401, Message:: Invalid email or password
2025-10-16 00:58:29:5829 error: [POST] /api/v1/auth/login >> StatusCode:: 401, Message:: Invalid email or password
2025-10-16 00:58:29:5829 error: [POST] /api/v1/auth/login >> StatusCode:: 401, Message:: Invalid email or password
2025-10-16 00:58:29:5829 error: [POST] /api/v1/auth/login >> StatusCode:: 401, Message:: Invalid email or password
2025-10-16 00:58:31:5831 error: [POST] /api/v1/products >> StatusCode:: 401, Message:: Not authorized, no token provided
2025-10-16 00:58:31:5831 error: [PUT] /api/v1/products/618dc609-8c6b-47ac-b885-a956b6dbe6cb >> StatusCode:: 403, Message:: User role 'user' is not authorized to access this route
2025-10-16 00:58:32:5832 error: [POST] /api/v1/orders >> StatusCode:: 400, Message:: Invalid or expired promotion code
2025-10-16 01:05:48:548 error: [GET] /api/v1/sellers/dashboard/stats >> StatusCode:: 500, Message:: column reference "price" is ambiguous
2025-10-16 01:05:50:550 error: [POST] /api/v1/auth/register >> StatusCode:: 409, Message:: Email already exists
2025-10-16 01:05:50:550 error: [POST] /api/v1/auth/login >> StatusCode:: 401, Message:: Invalid email or password
2025-10-16 01:05:50:550 error: [POST] /api/v1/auth/login >> StatusCode:: 401, Message:: Invalid email or password
2025-10-16 01:05:50:550 error: [POST] /api/v1/auth/login >> StatusCode:: 401, Message:: Invalid email or password
2025-10-16 01:05:50:550 error: [POST] /api/v1/auth/login >> StatusCode:: 401, Message:: Invalid email or password
2025-10-16 01:05:50:550 error: [POST] /api/v1/auth/login >> StatusCode:: 401, Message:: Invalid email or password
2025-10-16 01:05:50:550 error: [POST] /api/v1/auth/login >> StatusCode:: 401, Message:: Invalid email or password
2025-10-16 01:05:51:551 error: [POST] /api/v1/products >> StatusCode:: 401, Message:: Not authorized, no token provided
2025-10-16 01:05:51:551 error: [PUT] /api/v1/products/01343215-6536-4aac-a6e2-313d1f5f6014 >> StatusCode:: 403, Message:: User role 'user' is not authorized to access this route
2025-10-16 01:05:53:553 error: [POST] /api/v1/orders >> StatusCode:: 400, Message:: Invalid or expired promotion code
2025-10-16 01:06:21:621 error: [GET] /api/v1/sellers/dashboard/stats >> StatusCode:: 500, Message:: column reference "price" is ambiguous
2025-10-16 01:06:22:622 error: [POST] /api/v1/products >> StatusCode:: 401, Message:: Not authorized, no token provided
2025-10-16 01:06:22:622 error: [PUT] /api/v1/products/1bc2dd57-502a-495f-9626-dc163b59fda9 >> StatusCode:: 403, Message:: User role 'user' is not authorized to access this route
2025-10-16 01:06:23:623 error: [POST] /api/v1/auth/register >> StatusCode:: 409, Message:: Email already exists
2025-10-16 01:06:23:623 error: [POST] /api/v1/auth/login >> StatusCode:: 401, Message:: Invalid email or password
2025-10-16 01:06:23:623 error: [POST] /api/v1/auth/login >> StatusCode:: 401, Message:: Invalid email or password
2025-10-16 01:06:23:623 error: [POST] /api/v1/auth/login >> StatusCode:: 401, Message:: Invalid email or password
2025-10-16 01:06:23:623 error: [POST] /api/v1/auth/login >> StatusCode:: 401, Message:: Invalid email or password
2025-10-16 01:06:23:623 error: [POST] /api/v1/auth/login >> StatusCode:: 401, Message:: Invalid email or password
2025-10-16 01:06:23:623 error: [POST] /api/v1/auth/login >> StatusCode:: 401, Message:: Invalid email or password
2025-10-16 01:06:25:625 error: [POST] /api/v1/orders >> StatusCode:: 400, Message:: Invalid or expired promotion code
2025-10-16 01:06:33:633 error: [GET] /api/v1/sellers/dashboard/stats >> StatusCode:: 500, Message:: column reference "price" is ambiguous
2025-10-16 01:06:34:634 error: [POST] /api/v1/products >> StatusCode:: 401, Message:: Not authorized, no token provided
2025-10-16 01:06:34:634 error: [PUT] /api/v1/products/a44f3979-c3d8-4c43-a99e-8888b1e58580 >> StatusCode:: 403, Message:: User role 'user' is not authorized to access this route
2025-10-16 01:06:35:635 error: [POST] /api/v1/auth/register >> StatusCode:: 409, Message:: Email already exists
2025-10-16 01:06:35:635 error: [POST] /api/v1/auth/login >> StatusCode:: 401, Message:: Invalid email or password
2025-10-16 01:06:35:635 error: [POST] /api/v1/auth/login >> StatusCode:: 401, Message:: Invalid email or password
2025-10-16 01:06:35:635 error: [POST] /api/v1/auth/login >> StatusCode:: 401, Message:: Invalid email or password
2025-10-16 01:06:35:635 error: [POST] /api/v1/auth/login >> StatusCode:: 401, Message:: Invalid email or password
2025-10-16 01:06:35:635 error: [POST] /api/v1/auth/login >> StatusCode:: 401, Message:: Invalid email or password
2025-10-16 01:06:35:635 error: [POST] /api/v1/auth/login >> StatusCode:: 401, Message:: Invalid email or password
2025-10-16 01:06:36:636 error: [POST] /api/v1/orders >> StatusCode:: 400, Message:: Invalid or expired promotion code
2025-10-16 01:14:29:1429 error: [GET] /api/v1/sellers/dashboard/stats >> StatusCode:: 500, Message:: column reference "price" is ambiguous
2025-10-16 01:14:30:1430 error: [POST] /api/v1/auth/register >> StatusCode:: 409, Message:: Email already exists
2025-10-16 01:14:30:1430 error: [POST] /api/v1/auth/login >> StatusCode:: 401, Message:: Invalid email or password
2025-10-16 01:14:30:1430 error: [POST] /api/v1/auth/login >> StatusCode:: 401, Message:: Invalid email or password
2025-10-16 01:14:30:1430 error: [POST] /api/v1/auth/login >> StatusCode:: 401, Message:: Invalid email or password
2025-10-16 01:14:30:1430 error: [POST] /api/v1/auth/login >> StatusCode:: 401, Message:: Invalid email or password
2025-10-16 01:14:30:1430 error: [POST] /api/v1/auth/login >> StatusCode:: 401, Message:: Invalid email or password
2025-10-16 01:14:30:1430 error: [POST] /api/v1/auth/login >> StatusCode:: 401, Message:: Invalid email or password
2025-10-16 01:14:32:1432 error: [POST] /api/v1/products >> StatusCode:: 401, Message:: Not authorized, no token provided
2025-10-16 01:14:32:1432 error: [PUT] /api/v1/products/56cc280e-d9a5-41b3-9106-727ec9e63608 >> StatusCode:: 403, Message:: User role 'user' is not authorized to access this route
2025-10-16 01:14:34:1434 error: [POST] /api/v1/orders >> StatusCode:: 400, Message:: Invalid or expired promotion code
2025-10-16 01:14:54:1454 error: [GET] /api/v1/sellers/dashboard/stats >> StatusCode:: 500, Message:: column reference "price" is ambiguous
2025-10-16 01:14:55:1455 error: [POST] /api/v1/auth/register >> StatusCode:: 409, Message:: Email already exists
2025-10-16 01:14:55:1455 error: [POST] /api/v1/auth/login >> StatusCode:: 401, Message:: Invalid email or password
2025-10-16 01:14:55:1455 error: [POST] /api/v1/auth/login >> StatusCode:: 401, Message:: Invalid email or password
2025-10-16 01:14:55:1455 error: [POST] /api/v1/auth/login >> StatusCode:: 401, Message:: Invalid email or password
2025-10-16 01:14:55:1455 error: [POST] /api/v1/auth/login >> StatusCode:: 401, Message:: Invalid email or password
2025-10-16 01:14:55:1455 error: [POST] /api/v1/auth/login >> StatusCode:: 401, Message:: Invalid email or password
2025-10-16 01:14:55:1455 error: [POST] /api/v1/auth/login >> StatusCode:: 401, Message:: Invalid email or password
2025-10-16 01:14:56:1456 error: [POST] /api/v1/products >> StatusCode:: 401, Message:: Not authorized, no token provided
2025-10-16 01:14:56:1456 error: [PUT] /api/v1/products/a7bdaa6a-0f36-4c77-8847-499e7888a56b >> StatusCode:: 403, Message:: User role 'user' is not authorized to access this route
2025-10-16 01:14:57:1457 error: [POST] /api/v1/orders >> StatusCode:: 400, Message:: Invalid or expired promotion code
2025-10-16 01:15:25:1525 error: [GET] /api/v1/sellers/dashboard/stats >> StatusCode:: 500, Message:: column reference "price" is ambiguous
2025-10-16 01:15:25:1525 error: [POST] /api/v1/auth/register >> StatusCode:: 409, Message:: Email already exists
2025-10-16 01:15:25:1525 error: [POST] /api/v1/auth/login >> StatusCode:: 401, Message:: Invalid email or password
2025-10-16 01:15:26:1526 error: [POST] /api/v1/auth/login >> StatusCode:: 401, Message:: Invalid email or password
2025-10-16 01:15:26:1526 error: [POST] /api/v1/auth/login >> StatusCode:: 401, Message:: Invalid email or password
2025-10-16 01:15:26:1526 error: [POST] /api/v1/auth/login >> StatusCode:: 401, Message:: Invalid email or password
2025-10-16 01:15:26:1526 error: [POST] /api/v1/auth/login >> StatusCode:: 401, Message:: Invalid email or password
2025-10-16 01:15:26:1526 error: [POST] /api/v1/auth/login >> StatusCode:: 401, Message:: Invalid email or password
2025-10-16 01:15:27:1527 error: [POST] /api/v1/products >> StatusCode:: 401, Message:: Not authorized, no token provided
2025-10-16 01:15:27:1527 error: [PUT] /api/v1/products/577df8f2-f33e-474b-ac30-22565790d710 >> StatusCode:: 403, Message:: User role 'user' is not authorized to access this route
2025-10-16 01:15:28:1528 error: [POST] /api/v1/orders >> StatusCode:: 400, Message:: Invalid or expired promotion code
2025-10-16 01:28:21:2821 error: [GET] /api/v1/sellers/dashboard/stats >> StatusCode:: 500, Message:: Failed to fetch seller dashboard stats
2025-10-16 01:28:24:2824 error: [POST] /api/v1/products >> StatusCode:: 401, Message:: Not authorized, no token provided
2025-10-16 01:28:24:2824 error: [PUT] /api/v1/products/84bc1ff0-cf72-4439-97cf-1ec9b259593d >> StatusCode:: 403, Message:: User role 'user' is not authorized to access this route
2025-10-16 01:28:25:2825 error: [POST] /api/v1/auth/register >> StatusCode:: 409, Message:: Email already exists
2025-10-16 01:28:25:2825 error: [POST] /api/v1/auth/login >> StatusCode:: 401, Message:: Invalid email or password
2025-10-16 01:28:25:2825 error: [POST] /api/v1/auth/login >> StatusCode:: 401, Message:: Invalid email or password
2025-10-16 01:28:25:2825 error: [POST] /api/v1/auth/login >> StatusCode:: 401, Message:: Invalid email or password
2025-10-16 01:28:25:2825 error: [POST] /api/v1/auth/login >> StatusCode:: 401, Message:: Invalid email or password
2025-10-16 01:28:25:2825 error: [POST] /api/v1/auth/login >> StatusCode:: 401, Message:: Invalid email or password
2025-10-16 01:28:25:2825 error: [POST] /api/v1/auth/login >> StatusCode:: 401, Message:: Invalid email or password
2025-10-16 01:28:27:2827 error: [POST] /api/v1/orders >> StatusCode:: 400, Message:: Invalid or expired promotion code
2025-10-16 01:28:49:2849 error: [GET] /api/v1/sellers/dashboard/stats >> StatusCode:: 500, Message:: Failed to fetch seller dashboard stats
2025-10-16 01:28:50:2850 error: [POST] /api/v1/orders >> StatusCode:: 400, Message:: Invalid or expired promotion code
2025-10-16 01:28:52:2852 error: [POST] /api/v1/products >> StatusCode:: 401, Message:: Not authorized, no token provided
2025-10-16 01:28:53:2853 error: [PUT] /api/v1/products/985a7c99-f43a-483a-a0b2-c46c651c7086 >> StatusCode:: 403, Message:: User role 'user' is not authorized to access this route
2025-10-16 01:28:55:2855 error: [POST] /api/v1/auth/register >> StatusCode:: 409, Message:: Email already exists
2025-10-16 01:28:55:2855 error: [POST] /api/v1/auth/login >> StatusCode:: 401, Message:: Invalid email or password
2025-10-16 01:28:55:2855 error: [POST] /api/v1/auth/login >> StatusCode:: 401, Message:: Invalid email or password
2025-10-16 01:28:55:2855 error: [POST] /api/v1/auth/login >> StatusCode:: 401, Message:: Invalid email or password
2025-10-16 01:28:55:2855 error: [POST] /api/v1/auth/login >> StatusCode:: 401, Message:: Invalid email or password
2025-10-16 01:28:55:2855 error: [POST] /api/v1/auth/login >> StatusCode:: 401, Message:: Invalid email or password
2025-10-16 01:28:55:2855 error: [POST] /api/v1/auth/login >> StatusCode:: 401, Message:: Invalid email or password
2025-10-16 01:32:51:3251 error: [GET] /api/v1/sellers/dashboard/stats >> StatusCode:: 500, Message:: Failed to fetch seller dashboard stats
2025-10-16 01:32:53:3253 error: [POST] /api/v1/products >> StatusCode:: 401, Message:: Not authorized, no token provided
2025-10-16 01:32:53:3253 error: [PUT] /api/v1/products/3c73d5b5-5255-4d0d-b14d-15aa25a16751 >> StatusCode:: 403, Message:: User role 'user' is not authorized to access this route
2025-10-16 01:32:56:3256 error: [POST] /api/v1/orders >> StatusCode:: 400, Message:: Invalid or expired promotion code
2025-10-16 01:32:57:3257 error: [POST] /api/v1/auth/register >> StatusCode:: 409, Message:: Email already exists
2025-10-16 01:32:57:3257 error: [POST] /api/v1/auth/login >> StatusCode:: 401, Message:: Invalid email or password
2025-10-16 01:32:57:3257 error: [POST] /api/v1/auth/login >> StatusCode:: 401, Message:: Invalid email or password
2025-10-16 01:32:57:3257 error: [POST] /api/v1/auth/login >> StatusCode:: 401, Message:: Invalid email or password
2025-10-16 01:32:57:3257 error: [POST] /api/v1/auth/login >> StatusCode:: 401, Message:: Invalid email or password
2025-10-16 01:32:57:3257 error: [POST] /api/v1/auth/login >> StatusCode:: 401, Message:: Invalid email or password
2025-10-16 01:32:57:3257 error: [POST] /api/v1/auth/login >> StatusCode:: 401, Message:: Invalid email or password
2025-10-16 01:41:52:4152 error: [GET] /api/v1/sellers/dashboard/stats >> StatusCode:: 500, Message:: Failed to fetch seller dashboard stats
2025-10-16 01:41:54:4154 error: [POST] /api/v1/orders >> StatusCode:: 400, Message:: Invalid or expired promotion code
2025-10-16 01:41:56:4156 error: [POST] /api/v1/products >> StatusCode:: 401, Message:: Not authorized, no token provided
2025-10-16 01:41:56:4156 error: [PUT] /api/v1/products/f385191a-b305-4cd4-b59e-6fde5cbb1293 >> StatusCode:: 403, Message:: User role 'user' is not authorized to access this route
2025-10-16 01:41:57:4157 error: [POST] /api/v1/auth/register >> StatusCode:: 409, Message:: Email already exists
2025-10-16 01:41:57:4157 error: [POST] /api/v1/auth/login >> StatusCode:: 401, Message:: Invalid email or password
2025-10-16 01:41:57:4157 error: [POST] /api/v1/auth/login >> StatusCode:: 401, Message:: Invalid email or password
2025-10-16 01:41:57:4157 error: [POST] /api/v1/auth/login >> StatusCode:: 401, Message:: Invalid email or password
2025-10-16 01:41:57:4157 error: [POST] /api/v1/auth/login >> StatusCode:: 401, Message:: Invalid email or password
2025-10-16 01:41:57:4157 error: [POST] /api/v1/auth/login >> StatusCode:: 401, Message:: Invalid email or password
2025-10-16 01:41:57:4157 error: [POST] /api/v1/auth/login >> StatusCode:: 401, Message:: Invalid email or password
2025-10-16 01:44:17:4417 error: [GET] /api/v1/sellers/dashboard/stats >> StatusCode:: 500, Message:: Failed to fetch seller dashboard stats
2025-10-16 01:44:20:4420 error: [POST] /api/v1/orders >> StatusCode:: 400, Message:: Invalid or expired promotion code
2025-10-16 01:44:21:4421 error: [POST] /api/v1/products >> StatusCode:: 401, Message:: Not authorized, no token provided
2025-10-16 01:44:21:4421 error: [PUT] /api/v1/products/130fc665-58fe-469d-a453-2a0bea7f6306 >> StatusCode:: 403, Message:: User role 'user' is not authorized to access this route
2025-10-16 01:44:23:4423 error: [POST] /api/v1/auth/register >> StatusCode:: 409, Message:: Email already exists
2025-10-16 01:44:24:4424 error: [POST] /api/v1/auth/login >> StatusCode:: 401, Message:: Invalid email or password
2025-10-16 01:44:24:4424 error: [POST] /api/v1/auth/login >> StatusCode:: 401, Message:: Invalid email or password
2025-10-16 01:44:24:4424 error: [POST] /api/v1/auth/login >> StatusCode:: 401, Message:: Invalid email or password
2025-10-16 01:44:24:4424 error: [POST] /api/v1/auth/login >> StatusCode:: 401, Message:: Invalid email or password
2025-10-16 01:44:24:4424 error: [POST] /api/v1/auth/login >> StatusCode:: 401, Message:: Invalid email or password
2025-10-16 01:44:24:4424 error: [POST] /api/v1/auth/login >> StatusCode:: 401, Message:: Invalid email or password
2025-10-16 01:46:31:4631 error: [GET] /api/v1/sellers/dashboard/stats >> StatusCode:: 500, Message:: Failed to fetch seller dashboard stats
2025-10-16 01:47:45:4745 error: [GET] /api/v1/sellers/dashboard/stats >> StatusCode:: 500, Message:: Failed to fetch seller dashboard stats
2025-10-16 01:51:12:5112 error: [POST] /api/v1/auth/register >> StatusCode:: 409, Message:: Email already exists
2025-10-16 01:51:12:5112 error: [POST] /api/v1/auth/login >> StatusCode:: 401, Message:: Invalid email or password
2025-10-16 01:51:12:5112 error: [POST] /api/v1/auth/login >> StatusCode:: 401, Message:: Invalid email or password
2025-10-16 01:51:12:5112 error: [POST] /api/v1/auth/login >> StatusCode:: 401, Message:: Invalid email or password
2025-10-16 01:51:12:5112 error: [POST] /api/v1/auth/login >> StatusCode:: 401, Message:: Invalid email or password
2025-10-16 01:51:12:5112 error: [POST] /api/v1/auth/login >> StatusCode:: 401, Message:: Invalid email or password
2025-10-16 01:51:12:5112 error: [POST] /api/v1/auth/login >> StatusCode:: 401, Message:: Invalid email or password
2025-10-16 01:51:13:5113 error: [POST] /api/v1/products >> StatusCode:: 401, Message:: Not authorized, no token provided
2025-10-16 01:51:13:5113 error: [PUT] /api/v1/products/83b4dc22-6de0-4734-9167-7c51e1cab4b3 >> StatusCode:: 403, Message:: User role 'user' is not authorized to access this route
2025-10-16 01:51:14:5114 error: [POST] /api/v1/orders >> StatusCode:: 400, Message:: Invalid or expired promotion code
2025-10-16 01:57:53:5753 error: [POST] /api/v1/auth/register >> StatusCode:: 409, Message:: Email already exists
2025-10-16 01:57:53:5753 error: [POST] /api/v1/auth/login >> StatusCode:: 401, Message:: Invalid email or password
2025-10-16 01:57:53:5753 error: [POST] /api/v1/auth/login >> StatusCode:: 401, Message:: Invalid email or password
2025-10-16 01:57:53:5753 error: [POST] /api/v1/auth/login >> StatusCode:: 401, Message:: Invalid email or password
2025-10-16 01:57:53:5753 error: [POST] /api/v1/auth/login >> StatusCode:: 401, Message:: Invalid email or password
2025-10-16 01:57:53:5753 error: [POST] /api/v1/auth/login >> StatusCode:: 401, Message:: Invalid email or password
2025-10-16 01:57:53:5753 error: [POST] /api/v1/auth/login >> StatusCode:: 401, Message:: Invalid email or password
2025-10-16 01:57:55:5755 error: [POST] /api/v1/products >> StatusCode:: 401, Message:: Not authorized, no token provided
2025-10-16 01:57:55:5755 error: [PUT] /api/v1/products/4517d4d5-5b18-45f8-897d-2702d8a18a4e >> StatusCode:: 403, Message:: User role 'user' is not authorized to access this route
